
> soma-ai@0.1.0 build
> NODE_OPTIONS='--max-old-space-size=8192' next build

 ⚠ Invalid next.config.mjs options detected: 
 ⚠     Unrecognized key(s) in object: 'serverComponentsExternalPackages' at "experimental"
 ⚠ See more info here: https://nextjs.org/docs/messages/invalid-next-config
 ⚠ `experimental.serverComponentsExternalPackages` has been moved to `serverExternalPackages`. Please update your next.config.mjs file accordingly.
   ▲ Next.js 15.2.4
   - Environments: .env
   - Experiments (use with caution):
     · staleTimes

   Creating an optimized production build ...
Failed to compile.

./lib/supabase/server.ts
Error:   [31mx[0m You're importing a component that needs "next/headers". That only works in a Server Component which is not supported in the pages/ directory. Read more: https://nextjs.org/docs/app/building-
  [31m|[0m your-application/rendering/server-components
  [31m|[0m 
  [31m|[0m 
   ,-[[36;1;4m/Users/danny_1/_PROJECTS_/Soma AI/soma-geo/lib/supabase/server.ts[0m:3:1]
 [2m1[0m | import { createServerClient, type CookieOptions } from '@supabase/ssr'
 [2m2[0m | import { createClient as createSupabaseClient } from '@supabase/supabase-js'
 [2m3[0m | import { cookies } from 'next/headers'
   : [35;1m^^^^^^^^^^^^^^^^^^^^^^^^^^^^^^^^^^^^^^[0m
 [2m4[0m | 
 [2m5[0m | export async function createClient() {
 [2m6[0m |   const cookieStore = await cookies()
   `----

Import trace for requested module:
./lib/supabase/server.ts
./lib/services/subscription-service.ts
./components/quota-usage.tsx
./app/dashboard/subscription/page.tsx


> Build failed because of webpack errors
